<?xml version="1.0" encoding="UTF-8" standalone="no"?>
<!DOCTYPE log SYSTEM "logger.dtd">
<log>
<record>
  <date>2025-03-04T17:06:24.815-0300</date>
  <logger>ANA LIVIA COSTA CELESTINO SANTOS</logger>
  <level>FINE</level>
  <message>File 123110323-ANA LIVIA COSTA CELESTINO SANTOS.zip was received. It was sent by ANA LIVIA COSTA CELESTINO SANTOS from IP 192.168.1.71 at 04-03-2025 17*06*24</message>
</record>
</log>
<?xml version="1.0" encoding="UTF-8" standalone="no"?>
<!DOCTYPE log SYSTEM "logger.dtd">
<log>
<record>
  <date>2025-03-04T17:07:19.459-0300</date>
  <logger>ANA LIVIA COSTA CELESTINO SANTOS</logger>
  <level>FINE</level>
  <message>File 123110323-ANA LIVIA COSTA CELESTINO SANTOS.zip was received. It was sent by ANA LIVIA COSTA CELESTINO SANTOS from IP 192.168.1.71 at 04-03-2025 17*07*19</message>
</record>
</log>
<?xml version="1.0" encoding="UTF-8" standalone="no"?>
<!DOCTYPE log SYSTEM "logger.dtd">
<log>
<record>
  <date>2025-03-04T17:11:37.734-0300</date>
  <logger>ANA LIVIA COSTA CELESTINO SANTOS</logger>
  <level>FINE</level>
  <message>File 123110323-ANA LIVIA COSTA CELESTINO SANTOS.zip was received. It was sent by ANA LIVIA COSTA CELESTINO SANTOS from IP 192.168.1.71 at 04-03-2025 17*11*37</message>
</record>
</log>
<?xml version="1.0" encoding="UTF-8" standalone="no"?>
<!DOCTYPE log SYSTEM "logger.dtd">
<log>
<record>
  <date>2025-03-04T21:38:45.747-0300</date>
  <logger>ANA LIVIA COSTA CELESTINO SANTOS</logger>
  <level>FINE</level>
  <message>File 123110323-ANA LIVIA COSTA CELESTINO SANTOS.zip was received. It was sent by ANA LIVIA COSTA CELESTINO SANTOS from IP 192.168.1.71 at 04-03-2025 21*38*45</message>
</record>
